<?xml version="1.0" encoding="UTF-8"?>
<testng-results ignored="0" total="1" passed="0" failed="1" skipped="0">
  <reporter-output>
  </reporter-output>
  <suite started-at="2020-03-05T12:16:44 IST" name="Suite" finished-at="2020-03-05T12:17:45 IST" duration-ms="61611">
    <groups>
    </groups>
    <test started-at="2020-03-05T12:16:44 IST" name="Test" finished-at="2020-03-05T12:17:45 IST" duration-ms="61611">
      <class name="Testing.LinksBing">
        <test-method signature="Bing()[pri:0, instance:Testing.LinksBing@2133814f]" started-at="2020-03-05T12:16:44 IST" name="Bing" finished-at="2020-03-05T12:17:45 IST" duration-ms="61543" status="FAIL">
          <exception class="org.openqa.selenium.WebDriverException">
            <message>
              <![CDATA[unknown error: unable to discover open pages
Build info: version: '3.141.59', revision: 'e82be7d358', time: '2018-11-14T08:25:48'
System info: host: 'HYDPCM390779D6', ip: '10.10.242.75', os.name: 'Windows 10', os.arch: 'amd64', os.version: '10.0', java.version: '13.0.2'
Driver info: driver.version: ChromeDriver
remote stacktrace: Backtrace:
Ordinal0 [0x00390C83+1707139]
Ordinal0 [0x002F68F1+1075441]
Ordinal0 [0x0026DFC9+516041]
Ordinal0 [0x002004C2+66754]
Ordinal0 [0x001FCCE2+52450]
Ordinal0 [0x0021BFD7+180183]
Ordinal0 [0x0021BDDD+179677]
Ordinal0 [0x00219D4B+171339]
Ordinal0 [0x00201D4A+73034]
Ordinal0 [0x00202DC0+77248]
Ordinal0 [0x00202D59+77145]
Ordinal0 [0x0030BB67+1162087]
GetHandleVerifier [0x0042A966+508998]
GetHandleVerifier [0x0042A6A4+508292]
GetHandleVerifier [0x0043F7B7+594583]
GetHandleVerifier [0x0042B1D6+511158]
Ordinal0 [0x0030402C+1130540]
Ordinal0 [0x0030D4CB+1168587]
Ordinal0 [0x0030D633+1168947]
Ordinal0 [0x00325B35+1268533]
BaseThreadInitThunk [0x76E56359+25]
RtlGetAppContainerNamedObjectPath [0x77D67B74+228]
RtlGetAppContainerNamedObjectPath [0x77D67B44+180]
]]>
            </message>
            <full-stacktrace>
              <![CDATA[org.openqa.selenium.WebDriverException: unknown error: unable to discover open pages
Build info: version: '3.141.59', revision: 'e82be7d358', time: '2018-11-14T08:25:48'
System info: host: 'HYDPCM390779D6', ip: '10.10.242.75', os.name: 'Windows 10', os.arch: 'amd64', os.version: '10.0', java.version: '13.0.2'
Driver info: driver.version: ChromeDriver
remote stacktrace: Backtrace:
Ordinal0 [0x00390C83+1707139]
Ordinal0 [0x002F68F1+1075441]
Ordinal0 [0x0026DFC9+516041]
Ordinal0 [0x002004C2+66754]
Ordinal0 [0x001FCCE2+52450]
Ordinal0 [0x0021BFD7+180183]
Ordinal0 [0x0021BDDD+179677]
Ordinal0 [0x00219D4B+171339]
Ordinal0 [0x00201D4A+73034]
Ordinal0 [0x00202DC0+77248]
Ordinal0 [0x00202D59+77145]
Ordinal0 [0x0030BB67+1162087]
GetHandleVerifier [0x0042A966+508998]
GetHandleVerifier [0x0042A6A4+508292]
GetHandleVerifier [0x0043F7B7+594583]
GetHandleVerifier [0x0042B1D6+511158]
Ordinal0 [0x0030402C+1130540]
Ordinal0 [0x0030D4CB+1168587]
Ordinal0 [0x0030D633+1168947]
Ordinal0 [0x00325B35+1268533]
BaseThreadInitThunk [0x76E56359+25]
RtlGetAppContainerNamedObjectPath [0x77D67B74+228]
RtlGetAppContainerNamedObjectPath [0x77D67B44+180]

at java.base/jdk.internal.reflect.NativeConstructorAccessorImpl.newInstance0(Native Method)
at java.base/jdk.internal.reflect.NativeConstructorAccessorImpl.newInstance(NativeConstructorAccessorImpl.java:62)
at java.base/jdk.internal.reflect.DelegatingConstructorAccessorImpl.newInstance(DelegatingConstructorAccessorImpl.java:45)
at java.base/java.lang.reflect.Constructor.newInstanceWithCaller(Constructor.java:500)
at java.base/java.lang.reflect.Constructor.newInstance(Constructor.java:481)
at org.openqa.selenium.remote.W3CHandshakeResponse.lambda$errorHandler$0(W3CHandshakeResponse.java:62)
at org.openqa.selenium.remote.HandshakeResponse.lambda$getResponseFunction$0(HandshakeResponse.java:30)
at org.openqa.selenium.remote.ProtocolHandshake.lambda$createSession$0(ProtocolHandshake.java:126)
at java.base/java.util.stream.ReferencePipeline$3$1.accept(ReferencePipeline.java:195)
at java.base/java.util.Spliterators$ArraySpliterator.tryAdvance(Spliterators.java:958)
at java.base/java.util.stream.ReferencePipeline.forEachWithCancel(ReferencePipeline.java:127)
at java.base/java.util.stream.AbstractPipeline.copyIntoWithCancel(AbstractPipeline.java:502)
at java.base/java.util.stream.AbstractPipeline.copyInto(AbstractPipeline.java:488)
at java.base/java.util.stream.AbstractPipeline.wrapAndCopyInto(AbstractPipeline.java:474)
at java.base/java.util.stream.FindOps$FindOp.evaluateSequential(FindOps.java:150)
at java.base/java.util.stream.AbstractPipeline.evaluate(AbstractPipeline.java:234)
at java.base/java.util.stream.ReferencePipeline.findFirst(ReferencePipeline.java:543)
at org.openqa.selenium.remote.ProtocolHandshake.createSession(ProtocolHandshake.java:128)
at org.openqa.selenium.remote.ProtocolHandshake.createSession(ProtocolHandshake.java:74)
at org.openqa.selenium.remote.HttpCommandExecutor.execute(HttpCommandExecutor.java:136)
at org.openqa.selenium.remote.service.DriverCommandExecutor.execute(DriverCommandExecutor.java:83)
at org.openqa.selenium.remote.RemoteWebDriver.execute(RemoteWebDriver.java:552)
at org.openqa.selenium.remote.RemoteWebDriver.startSession(RemoteWebDriver.java:213)
at org.openqa.selenium.remote.RemoteWebDriver.<init>(RemoteWebDriver.java:131)
at org.openqa.selenium.chrome.ChromeDriver.<init>(ChromeDriver.java:181)
at org.openqa.selenium.chrome.ChromeDriver.<init>(ChromeDriver.java:168)
at org.openqa.selenium.chrome.ChromeDriver.<init>(ChromeDriver.java:123)
at Testing.LinksBing.Bing(LinksBing.java:19)
at java.base/jdk.internal.reflect.NativeMethodAccessorImpl.invoke0(Native Method)
at java.base/jdk.internal.reflect.NativeMethodAccessorImpl.invoke(NativeMethodAccessorImpl.java:62)
at java.base/jdk.internal.reflect.DelegatingMethodAccessorImpl.invoke(DelegatingMethodAccessorImpl.java:43)
at java.base/java.lang.reflect.Method.invoke(Method.java:567)
at org.testng.internal.MethodInvocationHelper.invokeMethod(MethodInvocationHelper.java:133)
at org.testng.internal.TestInvoker.invokeMethod(TestInvoker.java:584)
at org.testng.internal.TestInvoker.invokeTestMethod(TestInvoker.java:172)
at org.testng.internal.MethodRunner.runInSequence(MethodRunner.java:46)
at org.testng.internal.TestInvoker$MethodInvocationAgent.invoke(TestInvoker.java:804)
at org.testng.internal.TestInvoker.invokeTestMethods(TestInvoker.java:145)
at org.testng.internal.TestMethodWorker.invokeTestMethods(TestMethodWorker.java:146)
at org.testng.internal.TestMethodWorker.run(TestMethodWorker.java:128)
at java.base/java.util.ArrayList.forEach(ArrayList.java:1507)
at org.testng.TestRunner.privateRun(TestRunner.java:770)
at org.testng.TestRunner.run(TestRunner.java:591)
at org.testng.SuiteRunner.runTest(SuiteRunner.java:402)
at org.testng.SuiteRunner.runSequentially(SuiteRunner.java:396)
at org.testng.SuiteRunner.privateRun(SuiteRunner.java:355)
at org.testng.SuiteRunner.run(SuiteRunner.java:304)
at org.testng.SuiteRunnerWorker.runSuite(SuiteRunnerWorker.java:53)
at org.testng.SuiteRunnerWorker.run(SuiteRunnerWorker.java:96)
at org.testng.TestNG.runSuitesSequentially(TestNG.java:1180)
at org.testng.TestNG.runSuitesLocally(TestNG.java:1102)
at org.testng.TestNG.runSuites(TestNG.java:1032)
at org.testng.TestNG.run(TestNG.java:1000)
at org.testng.remote.AbstractRemoteTestNG.run(AbstractRemoteTestNG.java:115)
at org.testng.remote.RemoteTestNG.initAndRun(RemoteTestNG.java:251)
at org.testng.remote.RemoteTestNG.main(RemoteTestNG.java:77)
]]>
            </full-stacktrace>
          </exception> <!-- org.openqa.selenium.WebDriverException -->
          <reporter-output>
          </reporter-output>
        </test-method> <!-- Bing -->
      </class> <!-- Testing.LinksBing -->
    </test> <!-- Test -->
  </suite> <!-- Suite -->
</testng-results>
