<?xml version="1.0" encoding="UTF-8"?>
<!-- Generated by org.testng.reporters.JUnitXMLReporter -->
<testsuite ignored="0" hostname="hydpcm390779d6" failures="1" tests="1" name="Test" time="61.611" errors="0" timestamp="2020-03-05T12:17:45 IST">
  <testcase classname="Testing.LinksBing" name="Bing" time="61.543">
    <failure type="org.openqa.selenium.WebDriverException" message="unknown error: unable to discover open pages
Build info: version: &amp;apos;3.141.59&amp;apos;, revision: &amp;apos;e82be7d358&amp;apos;, time: &amp;apos;2018-11-14T08:25:48&amp;apos;
System info: host: &amp;apos;HYDPCM390779D6&amp;apos;, ip: &amp;apos;10.10.242.75&amp;apos;, os.name: &amp;apos;Windows 10&amp;apos;, os.arch: &amp;apos;amd64&amp;apos;, os.version: &amp;apos;10.0&amp;apos;, java.version: &amp;apos;13.0.2&amp;apos;
Driver info: driver.version: ChromeDriver
remote stacktrace: Backtrace:
	Ordinal0 [0x00390C83+1707139]
	Ordinal0 [0x002F68F1+1075441]
	Ordinal0 [0x0026DFC9+516041]
	Ordinal0 [0x002004C2+66754]
	Ordinal0 [0x001FCCE2+52450]
	Ordinal0 [0x0021BFD7+180183]
	Ordinal0 [0x0021BDDD+179677]
	Ordinal0 [0x00219D4B+171339]
	Ordinal0 [0x00201D4A+73034]
	Ordinal0 [0x00202DC0+77248]
	Ordinal0 [0x00202D59+77145]
	Ordinal0 [0x0030BB67+1162087]
	GetHandleVerifier [0x0042A966+508998]
	GetHandleVerifier [0x0042A6A4+508292]
	GetHandleVerifier [0x0043F7B7+594583]
	GetHandleVerifier [0x0042B1D6+511158]
	Ordinal0 [0x0030402C+1130540]
	Ordinal0 [0x0030D4CB+1168587]
	Ordinal0 [0x0030D633+1168947]
	Ordinal0 [0x00325B35+1268533]
	BaseThreadInitThunk [0x76E56359+25]
	RtlGetAppContainerNamedObjectPath [0x77D67B74+228]
	RtlGetAppContainerNamedObjectPath [0x77D67B44+180]
">
      <![CDATA[org.openqa.selenium.WebDriverException: unknown error: unable to discover open pages
Build info: version: '3.141.59', revision: 'e82be7d358', time: '2018-11-14T08:25:48'
System info: host: 'HYDPCM390779D6', ip: '10.10.242.75', os.name: 'Windows 10', os.arch: 'amd64', os.version: '10.0', java.version: '13.0.2'
Driver info: driver.version: ChromeDriver
remote stacktrace: Backtrace:
Ordinal0 [0x00390C83+1707139]
Ordinal0 [0x002F68F1+1075441]
Ordinal0 [0x0026DFC9+516041]
Ordinal0 [0x002004C2+66754]
Ordinal0 [0x001FCCE2+52450]
Ordinal0 [0x0021BFD7+180183]
Ordinal0 [0x0021BDDD+179677]
Ordinal0 [0x00219D4B+171339]
Ordinal0 [0x00201D4A+73034]
Ordinal0 [0x00202DC0+77248]
Ordinal0 [0x00202D59+77145]
Ordinal0 [0x0030BB67+1162087]
GetHandleVerifier [0x0042A966+508998]
GetHandleVerifier [0x0042A6A4+508292]
GetHandleVerifier [0x0043F7B7+594583]
GetHandleVerifier [0x0042B1D6+511158]
Ordinal0 [0x0030402C+1130540]
Ordinal0 [0x0030D4CB+1168587]
Ordinal0 [0x0030D633+1168947]
Ordinal0 [0x00325B35+1268533]
BaseThreadInitThunk [0x76E56359+25]
RtlGetAppContainerNamedObjectPath [0x77D67B74+228]
RtlGetAppContainerNamedObjectPath [0x77D67B44+180]

at org.openqa.selenium.remote.W3CHandshakeResponse.lambda$errorHandler$0(W3CHandshakeResponse.java:62)
at org.openqa.selenium.remote.HandshakeResponse.lambda$getResponseFunction$0(HandshakeResponse.java:30)
at org.openqa.selenium.remote.ProtocolHandshake.lambda$createSession$0(ProtocolHandshake.java:126)
at java.base/java.util.stream.ReferencePipeline$3$1.accept(ReferencePipeline.java:195)
at java.base/java.util.Spliterators$ArraySpliterator.tryAdvance(Spliterators.java:958)
at java.base/java.util.stream.ReferencePipeline.forEachWithCancel(ReferencePipeline.java:127)
at java.base/java.util.stream.AbstractPipeline.copyIntoWithCancel(AbstractPipeline.java:502)
at java.base/java.util.stream.AbstractPipeline.copyInto(AbstractPipeline.java:488)
at java.base/java.util.stream.AbstractPipeline.wrapAndCopyInto(AbstractPipeline.java:474)
at java.base/java.util.stream.FindOps$FindOp.evaluateSequential(FindOps.java:150)
at java.base/java.util.stream.AbstractPipeline.evaluate(AbstractPipeline.java:234)
at java.base/java.util.stream.ReferencePipeline.findFirst(ReferencePipeline.java:543)
at org.openqa.selenium.remote.ProtocolHandshake.createSession(ProtocolHandshake.java:128)
at org.openqa.selenium.remote.ProtocolHandshake.createSession(ProtocolHandshake.java:74)
at org.openqa.selenium.remote.HttpCommandExecutor.execute(HttpCommandExecutor.java:136)
at org.openqa.selenium.remote.service.DriverCommandExecutor.execute(DriverCommandExecutor.java:83)
at org.openqa.selenium.remote.RemoteWebDriver.execute(RemoteWebDriver.java:552)
at org.openqa.selenium.remote.RemoteWebDriver.startSession(RemoteWebDriver.java:213)
at org.openqa.selenium.remote.RemoteWebDriver.<init>(RemoteWebDriver.java:131)
at org.openqa.selenium.chrome.ChromeDriver.<init>(ChromeDriver.java:181)
at org.openqa.selenium.chrome.ChromeDriver.<init>(ChromeDriver.java:168)
at org.openqa.selenium.chrome.ChromeDriver.<init>(ChromeDriver.java:123)
at Testing.LinksBing.Bing(LinksBing.java:19)
at java.base/java.util.ArrayList.forEach(ArrayList.java:1507)
... Removed 32 stack frames]]>
    </failure>
  </testcase> <!-- Bing -->
</testsuite> <!-- Test -->
