<?xml version="1.0" encoding="UTF-8"?>
<!-- Generated by org.testng.reporters.JUnitXMLReporter -->
<testsuite hostname="DESKTOP-JOUO7GT" ignored="0" name="Regression suite 1" tests="3" failures="0" timestamp="21 Oct 2017 14:49:47 GMT" time="109.181" errors="0">
  <testcase name="TestCase" time="36.769" classname="Testing.Login"/>
  <testcase name="Bing" time="34.248" classname="Testing.LinksBing"/>
  <testcase name="newtours" time="37.975" classname="Testing.Linksnewtours"/>
</testsuite> <!-- Regression suite 1 -->
